05-Nov-2018 18:44:58.486 信息 [main] org.apache.catalina.startup.VersionLoggerListener.log Server version:        Apache Tomcat/9.0.10
05-Nov-2018 18:44:58.621 信息 [main] org.apache.catalina.startup.VersionLoggerListener.log Server built:          Jun 20 2018 17:32:21 UTC
05-Nov-2018 18:44:58.627 信息 [main] org.apache.catalina.startup.VersionLoggerListener.log Server number:         9.0.10.0
05-Nov-2018 18:44:58.628 信息 [main] org.apache.catalina.startup.VersionLoggerListener.log OS Name:               Windows 10
05-Nov-2018 18:44:58.628 信息 [main] org.apache.catalina.startup.VersionLoggerListener.log OS Version:            10.0
05-Nov-2018 18:44:58.629 信息 [main] org.apache.catalina.startup.VersionLoggerListener.log Architecture:          amd64
05-Nov-2018 18:44:58.630 信息 [main] org.apache.catalina.startup.VersionLoggerListener.log Java Home:             D:\Java8\jre
05-Nov-2018 18:44:58.641 信息 [main] org.apache.catalina.startup.VersionLoggerListener.log JVM Version:           1.8.0_144-b01
05-Nov-2018 18:44:58.642 信息 [main] org.apache.catalina.startup.VersionLoggerListener.log JVM Vendor:            Oracle Corporation
05-Nov-2018 18:44:58.643 信息 [main] org.apache.catalina.startup.VersionLoggerListener.log CATALINA_BASE:         C:\Users\Ezio\Documents\Desktop\apache-tomcat-9.0.10
05-Nov-2018 18:44:58.643 信息 [main] org.apache.catalina.startup.VersionLoggerListener.log CATALINA_HOME:         C:\Users\Ezio\Documents\Desktop\apache-tomcat-9.0.10
05-Nov-2018 18:44:58.644 信息 [main] org.apache.catalina.startup.VersionLoggerListener.log Command line argument: -Djava.util.logging.config.file=C:\Users\Ezio\Documents\Desktop\apache-tomcat-9.0.10\conf\logging.properties
05-Nov-2018 18:44:58.645 信息 [main] org.apache.catalina.startup.VersionLoggerListener.log Command line argument: -Djava.util.logging.manager=org.apache.juli.ClassLoaderLogManager
05-Nov-2018 18:44:58.646 信息 [main] org.apache.catalina.startup.VersionLoggerListener.log Command line argument: -Djdk.tls.ephemeralDHKeySize=2048
05-Nov-2018 18:44:58.646 信息 [main] org.apache.catalina.startup.VersionLoggerListener.log Command line argument: -Djava.protocol.handler.pkgs=org.apache.catalina.webresources
05-Nov-2018 18:44:58.647 信息 [main] org.apache.catalina.startup.VersionLoggerListener.log Command line argument: -Dignore.endorsed.dirs=
05-Nov-2018 18:44:58.648 信息 [main] org.apache.catalina.startup.VersionLoggerListener.log Command line argument: -Dcatalina.base=C:\Users\Ezio\Documents\Desktop\apache-tomcat-9.0.10
05-Nov-2018 18:44:58.649 信息 [main] org.apache.catalina.startup.VersionLoggerListener.log Command line argument: -Dcatalina.home=C:\Users\Ezio\Documents\Desktop\apache-tomcat-9.0.10
05-Nov-2018 18:44:58.655 信息 [main] org.apache.catalina.startup.VersionLoggerListener.log Command line argument: -Djava.io.tmpdir=C:\Users\Ezio\Documents\Desktop\apache-tomcat-9.0.10\temp
05-Nov-2018 18:44:58.670 信息 [main] org.apache.catalina.core.AprLifecycleListener.lifecycleEvent Loaded APR based Apache Tomcat Native library [1.2.17] using APR version [1.6.3].
05-Nov-2018 18:44:58.671 信息 [main] org.apache.catalina.core.AprLifecycleListener.lifecycleEvent APR capabilities: IPv6 [true], sendfile [true], accept filters [false], random [true].
05-Nov-2018 18:44:58.673 信息 [main] org.apache.catalina.core.AprLifecycleListener.lifecycleEvent APR/OpenSSL configuration: useAprConnector [false], useOpenSSL [true]
05-Nov-2018 18:44:59.827 信息 [main] org.apache.catalina.core.AprLifecycleListener.initializeSSL OpenSSL successfully initialized [OpenSSL 1.0.2o  27 Mar 2018]
05-Nov-2018 18:45:00.719 信息 [main] org.apache.coyote.AbstractProtocol.init Initializing ProtocolHandler ["http-nio-8080"]
05-Nov-2018 18:45:01.450 信息 [main] org.apache.tomcat.util.net.NioSelectorPool.getSharedSelector Using a shared selector for servlet write/read
05-Nov-2018 18:45:01.483 信息 [main] org.apache.coyote.AbstractProtocol.init Initializing ProtocolHandler ["ajp-nio-8009"]
05-Nov-2018 18:45:01.488 信息 [main] org.apache.tomcat.util.net.NioSelectorPool.getSharedSelector Using a shared selector for servlet write/read
05-Nov-2018 18:45:01.489 信息 [main] org.apache.catalina.startup.Catalina.load Initialization processed in 4857 ms
05-Nov-2018 18:45:01.568 信息 [main] org.apache.catalina.core.StandardService.startInternal Starting service [Catalina]
05-Nov-2018 18:45:01.568 信息 [main] org.apache.catalina.core.StandardEngine.startInternal Starting Servlet Engine: Apache Tomcat/9.0.10
05-Nov-2018 18:45:01.581 信息 [main] org.apache.catalina.startup.HostConfig.deployDirectory Deploying web application directory [C:\Users\Ezio\Documents\Desktop\apache-tomcat-9.0.10\webapps\docs]
05-Nov-2018 18:45:02.557 信息 [main] org.apache.catalina.startup.HostConfig.deployDirectory Deployment of web application directory [C:\Users\Ezio\Documents\Desktop\apache-tomcat-9.0.10\webapps\docs] has finished in [974] ms
05-Nov-2018 18:45:02.558 信息 [main] org.apache.catalina.startup.HostConfig.deployDirectory Deploying web application directory [C:\Users\Ezio\Documents\Desktop\apache-tomcat-9.0.10\webapps\education]
05-Nov-2018 18:45:04.408 信息 [main] org.apache.jasper.servlet.TldScanner.scanJars At least one JAR was scanned for TLDs yet contained no TLDs. Enable debug logging for this logger for a complete list of JARs that were scanned but no TLDs were found in them. Skipping unneeded JARs during scanning can improve startup time and JSP compilation time.
05-Nov-2018 18:45:04.531 信息 [main] org.apache.catalina.startup.HostConfig.deployDirectory Deployment of web application directory [C:\Users\Ezio\Documents\Desktop\apache-tomcat-9.0.10\webapps\education] has finished in [1,973] ms
05-Nov-2018 18:45:04.532 信息 [main] org.apache.catalina.startup.HostConfig.deployDirectory Deploying web application directory [C:\Users\Ezio\Documents\Desktop\apache-tomcat-9.0.10\webapps\examples]
05-Nov-2018 18:45:05.046 信息 [main] org.apache.catalina.startup.HostConfig.deployDirectory Deployment of web application directory [C:\Users\Ezio\Documents\Desktop\apache-tomcat-9.0.10\webapps\examples] has finished in [514] ms
05-Nov-2018 18:45:05.046 信息 [main] org.apache.catalina.startup.HostConfig.deployDirectory Deploying web application directory [C:\Users\Ezio\Documents\Desktop\apache-tomcat-9.0.10\webapps\host-manager]
05-Nov-2018 18:45:05.105 信息 [main] org.apache.catalina.startup.HostConfig.deployDirectory Deployment of web application directory [C:\Users\Ezio\Documents\Desktop\apache-tomcat-9.0.10\webapps\host-manager] has finished in [58] ms
05-Nov-2018 18:45:05.105 信息 [main] org.apache.catalina.startup.HostConfig.deployDirectory Deploying web application directory [C:\Users\Ezio\Documents\Desktop\apache-tomcat-9.0.10\webapps\manager]
05-Nov-2018 18:45:05.154 信息 [main] org.apache.catalina.startup.HostConfig.deployDirectory Deployment of web application directory [C:\Users\Ezio\Documents\Desktop\apache-tomcat-9.0.10\webapps\manager] has finished in [49] ms
05-Nov-2018 18:45:05.155 信息 [main] org.apache.catalina.startup.HostConfig.deployDirectory Deploying web application directory [C:\Users\Ezio\Documents\Desktop\apache-tomcat-9.0.10\webapps\ROOT]
05-Nov-2018 18:45:05.195 信息 [main] org.apache.catalina.startup.HostConfig.deployDirectory Deployment of web application directory [C:\Users\Ezio\Documents\Desktop\apache-tomcat-9.0.10\webapps\ROOT] has finished in [40] ms
05-Nov-2018 18:45:05.200 信息 [main] org.apache.coyote.AbstractProtocol.start Starting ProtocolHandler ["http-nio-8080"]
05-Nov-2018 18:45:05.216 信息 [main] org.apache.coyote.AbstractProtocol.start Starting ProtocolHandler ["ajp-nio-8009"]
05-Nov-2018 18:45:05.225 信息 [main] org.apache.catalina.startup.Catalina.start Server startup in 3735 ms
05-Nov-2018 18:46:35.660 信息 [http-nio-8080-exec-9] com.mchange.v2.log.MLog.<clinit> MLog clients using java 1.4+ standard logging.
05-Nov-2018 18:46:35.878 信息 [http-nio-8080-exec-9] com.mchange.v2.c3p0.C3P0Registry.banner Initializing c3p0-0.9.1.2 [built 21-May-2007 15:04:56; debug? true; trace: 10]
05-Nov-2018 18:46:36.381 信息 [http-nio-8080-exec-9] com.mchange.v2.c3p0.impl.AbstractPoolBackedDataSource.getPoolManager Initializing c3p0 pool... com.mchange.v2.c3p0.ComboPooledDataSource [ acquireIncrement -> 3, acquireRetryAttempts -> 30, acquireRetryDelay -> 1000, autoCommitOnClose -> false, automaticTestTable -> null, breakAfterAcquireFailure -> false, checkoutTimeout -> 0, connectionCustomizerClassName -> null, connectionTesterClassName -> com.mchange.v2.c3p0.impl.DefaultConnectionTester, dataSourceName -> 1hgf2td9y1r48x714b83f8|163a611, debugUnreturnedConnectionStackTraces -> false, description -> null, driverClass -> com.mysql.cj.jdbc.Driver, factoryClassLocation -> null, forceIgnoreUnresolvedTransactions -> false, identityToken -> 1hgf2td9y1r48x714b83f8|163a611, idleConnectionTestPeriod -> 0, initialPoolSize -> 3, jdbcUrl -> jdbc:mysql://localhost:3306/education?useSSL=false&serverTimezone=GMT, maxAdministrativeTaskTime -> 0, maxConnectionAge -> 0, maxIdleTime -> 0, maxIdleTimeExcessConnections -> 0, maxPoolSize -> 15, maxStatements -> 0, maxStatementsPerConnection -> 0, minPoolSize -> 3, numHelperThreads -> 3, numThreadsAwaitingCheckoutDefaultUser -> 0, preferredTestQuery -> null, properties -> {user=******, password=******}, propertyCycle -> 0, testConnectionOnCheckin -> false, testConnectionOnCheckout -> false, unreturnedConnectionTimeout -> 0, usesTraditionalReflectiveProxies -> false ]
05-Nov-2018 18:47:06.770 警告 [com.mchange.v2.async.ThreadPoolAsynchronousRunner$PoolThread-#0] com.mchange.v2.resourcepool.BasicResourcePool$AcquireTask.run com.mchange.v2.resourcepool.BasicResourcePool$AcquireTask@545de664 -- Acquisition Attempt Failed!!! Clearing pending acquires. While trying to acquire a needed new resource, we failed to succeed more than the maximum number of allowed acquisition attempts (30). Last acquisition attempt exception: 
 java.sql.SQLException: Access denied for user 'root'@'localhost' (using password: YES)
	at com.mysql.cj.jdbc.exceptions.SQLError.createSQLException(SQLError.java:127)
	at com.mysql.cj.jdbc.exceptions.SQLError.createSQLException(SQLError.java:95)
	at com.mysql.cj.jdbc.exceptions.SQLExceptionsMapping.translateException(SQLExceptionsMapping.java:122)
	at com.mysql.cj.jdbc.ConnectionImpl.createNewIO(ConnectionImpl.java:862)
	at com.mysql.cj.jdbc.ConnectionImpl.<init>(ConnectionImpl.java:444)
	at com.mysql.cj.jdbc.ConnectionImpl.getInstance(ConnectionImpl.java:230)
	at com.mysql.cj.jdbc.NonRegisteringDriver.connect(NonRegisteringDriver.java:226)
	at com.mchange.v2.c3p0.DriverManagerDataSource.getConnection(DriverManagerDataSource.java:134)
	at com.mchange.v2.c3p0.WrapperConnectionPoolDataSource.getPooledConnection(WrapperConnectionPoolDataSource.java:182)
	at com.mchange.v2.c3p0.WrapperConnectionPoolDataSource.getPooledConnection(WrapperConnectionPoolDataSource.java:171)
	at com.mchange.v2.c3p0.impl.C3P0PooledConnectionPool$1PooledConnectionResourcePoolManager.acquireResource(C3P0PooledConnectionPool.java:137)
	at com.mchange.v2.resourcepool.BasicResourcePool.doAcquire(BasicResourcePool.java:1014)
	at com.mchange.v2.resourcepool.BasicResourcePool.access$800(BasicResourcePool.java:32)
	at com.mchange.v2.resourcepool.BasicResourcePool$AcquireTask.run(BasicResourcePool.java:1810)
	at com.mchange.v2.async.ThreadPoolAsynchronousRunner$PoolThread.run(ThreadPoolAsynchronousRunner.java:547)

05-Nov-2018 18:47:06.792 警告 [com.mchange.v2.async.ThreadPoolAsynchronousRunner$PoolThread-#2] com.mchange.v2.resourcepool.BasicResourcePool$AcquireTask.run com.mchange.v2.resourcepool.BasicResourcePool$AcquireTask@588dd2a9 -- Acquisition Attempt Failed!!! Clearing pending acquires. While trying to acquire a needed new resource, we failed to succeed more than the maximum number of allowed acquisition attempts (30). Last acquisition attempt exception: 
 java.sql.SQLException: Access denied for user 'root'@'localhost' (using password: YES)
	at com.mysql.cj.jdbc.exceptions.SQLError.createSQLException(SQLError.java:127)
	at com.mysql.cj.jdbc.exceptions.SQLError.createSQLException(SQLError.java:95)
	at com.mysql.cj.jdbc.exceptions.SQLExceptionsMapping.translateException(SQLExceptionsMapping.java:122)
	at com.mysql.cj.jdbc.ConnectionImpl.createNewIO(ConnectionImpl.java:862)
	at com.mysql.cj.jdbc.ConnectionImpl.<init>(ConnectionImpl.java:444)
	at com.mysql.cj.jdbc.ConnectionImpl.getInstance(ConnectionImpl.java:230)
	at com.mysql.cj.jdbc.NonRegisteringDriver.connect(NonRegisteringDriver.java:226)
	at com.mchange.v2.c3p0.DriverManagerDataSource.getConnection(DriverManagerDataSource.java:134)
	at com.mchange.v2.c3p0.WrapperConnectionPoolDataSource.getPooledConnection(WrapperConnectionPoolDataSource.java:182)
	at com.mchange.v2.c3p0.WrapperConnectionPoolDataSource.getPooledConnection(WrapperConnectionPoolDataSource.java:171)
	at com.mchange.v2.c3p0.impl.C3P0PooledConnectionPool$1PooledConnectionResourcePoolManager.acquireResource(C3P0PooledConnectionPool.java:137)
	at com.mchange.v2.resourcepool.BasicResourcePool.doAcquire(BasicResourcePool.java:1014)
	at com.mchange.v2.resourcepool.BasicResourcePool.access$800(BasicResourcePool.java:32)
	at com.mchange.v2.resourcepool.BasicResourcePool$AcquireTask.run(BasicResourcePool.java:1810)
	at com.mchange.v2.async.ThreadPoolAsynchronousRunner$PoolThread.run(ThreadPoolAsynchronousRunner.java:547)

05-Nov-2018 18:47:06.828 警告 [com.mchange.v2.async.ThreadPoolAsynchronousRunner$PoolThread-#1] com.mchange.v2.resourcepool.BasicResourcePool$AcquireTask.run com.mchange.v2.resourcepool.BasicResourcePool$AcquireTask@626ef649 -- Acquisition Attempt Failed!!! Clearing pending acquires. While trying to acquire a needed new resource, we failed to succeed more than the maximum number of allowed acquisition attempts (30). Last acquisition attempt exception: 
 java.sql.SQLException: Access denied for user 'root'@'localhost' (using password: YES)
	at com.mysql.cj.jdbc.exceptions.SQLError.createSQLException(SQLError.java:127)
	at com.mysql.cj.jdbc.exceptions.SQLError.createSQLException(SQLError.java:95)
	at com.mysql.cj.jdbc.exceptions.SQLExceptionsMapping.translateException(SQLExceptionsMapping.java:122)
	at com.mysql.cj.jdbc.ConnectionImpl.createNewIO(ConnectionImpl.java:862)
	at com.mysql.cj.jdbc.ConnectionImpl.<init>(ConnectionImpl.java:444)
	at com.mysql.cj.jdbc.ConnectionImpl.getInstance(ConnectionImpl.java:230)
	at com.mysql.cj.jdbc.NonRegisteringDriver.connect(NonRegisteringDriver.java:226)
	at com.mchange.v2.c3p0.DriverManagerDataSource.getConnection(DriverManagerDataSource.java:134)
	at com.mchange.v2.c3p0.WrapperConnectionPoolDataSource.getPooledConnection(WrapperConnectionPoolDataSource.java:182)
	at com.mchange.v2.c3p0.WrapperConnectionPoolDataSource.getPooledConnection(WrapperConnectionPoolDataSource.java:171)
	at com.mchange.v2.c3p0.impl.C3P0PooledConnectionPool$1PooledConnectionResourcePoolManager.acquireResource(C3P0PooledConnectionPool.java:137)
	at com.mchange.v2.resourcepool.BasicResourcePool.doAcquire(BasicResourcePool.java:1014)
	at com.mchange.v2.resourcepool.BasicResourcePool.access$800(BasicResourcePool.java:32)
	at com.mchange.v2.resourcepool.BasicResourcePool$AcquireTask.run(BasicResourcePool.java:1810)
	at com.mchange.v2.async.ThreadPoolAsynchronousRunner$PoolThread.run(ThreadPoolAsynchronousRunner.java:547)

05-Nov-2018 18:47:36.283 警告 [com.mchange.v2.async.ThreadPoolAsynchronousRunner$PoolThread-#2] com.mchange.v2.resourcepool.BasicResourcePool$AcquireTask.run com.mchange.v2.resourcepool.BasicResourcePool$AcquireTask@7f097e3d -- Acquisition Attempt Failed!!! Clearing pending acquires. While trying to acquire a needed new resource, we failed to succeed more than the maximum number of allowed acquisition attempts (30). Last acquisition attempt exception: 
 java.sql.SQLException: Access denied for user 'root'@'localhost' (using password: YES)
	at com.mysql.cj.jdbc.exceptions.SQLError.createSQLException(SQLError.java:127)
	at com.mysql.cj.jdbc.exceptions.SQLError.createSQLException(SQLError.java:95)
	at com.mysql.cj.jdbc.exceptions.SQLExceptionsMapping.translateException(SQLExceptionsMapping.java:122)
	at com.mysql.cj.jdbc.ConnectionImpl.createNewIO(ConnectionImpl.java:862)
	at com.mysql.cj.jdbc.ConnectionImpl.<init>(ConnectionImpl.java:444)
	at com.mysql.cj.jdbc.ConnectionImpl.getInstance(ConnectionImpl.java:230)
	at com.mysql.cj.jdbc.NonRegisteringDriver.connect(NonRegisteringDriver.java:226)
	at com.mchange.v2.c3p0.DriverManagerDataSource.getConnection(DriverManagerDataSource.java:134)
	at com.mchange.v2.c3p0.WrapperConnectionPoolDataSource.getPooledConnection(WrapperConnectionPoolDataSource.java:182)
	at com.mchange.v2.c3p0.WrapperConnectionPoolDataSource.getPooledConnection(WrapperConnectionPoolDataSource.java:171)
	at com.mchange.v2.c3p0.impl.C3P0PooledConnectionPool$1PooledConnectionResourcePoolManager.acquireResource(C3P0PooledConnectionPool.java:137)
	at com.mchange.v2.resourcepool.BasicResourcePool.doAcquire(BasicResourcePool.java:1014)
	at com.mchange.v2.resourcepool.BasicResourcePool.access$800(BasicResourcePool.java:32)
	at com.mchange.v2.resourcepool.BasicResourcePool$AcquireTask.run(BasicResourcePool.java:1810)
	at com.mchange.v2.async.ThreadPoolAsynchronousRunner$PoolThread.run(ThreadPoolAsynchronousRunner.java:547)

05-Nov-2018 18:47:36.308 警告 [com.mchange.v2.async.ThreadPoolAsynchronousRunner$PoolThread-#0] com.mchange.v2.resourcepool.BasicResourcePool$AcquireTask.run com.mchange.v2.resourcepool.BasicResourcePool$AcquireTask@6f562a6d -- Acquisition Attempt Failed!!! Clearing pending acquires. While trying to acquire a needed new resource, we failed to succeed more than the maximum number of allowed acquisition attempts (30). Last acquisition attempt exception: 
 java.sql.SQLException: Access denied for user 'root'@'localhost' (using password: YES)
	at com.mysql.cj.jdbc.exceptions.SQLError.createSQLException(SQLError.java:127)
	at com.mysql.cj.jdbc.exceptions.SQLError.createSQLException(SQLError.java:95)
	at com.mysql.cj.jdbc.exceptions.SQLExceptionsMapping.translateException(SQLExceptionsMapping.java:122)
	at com.mysql.cj.jdbc.ConnectionImpl.createNewIO(ConnectionImpl.java:862)
	at com.mysql.cj.jdbc.ConnectionImpl.<init>(ConnectionImpl.java:444)
	at com.mysql.cj.jdbc.ConnectionImpl.getInstance(ConnectionImpl.java:230)
	at com.mysql.cj.jdbc.NonRegisteringDriver.connect(NonRegisteringDriver.java:226)
	at com.mchange.v2.c3p0.DriverManagerDataSource.getConnection(DriverManagerDataSource.java:134)
	at com.mchange.v2.c3p0.WrapperConnectionPoolDataSource.getPooledConnection(WrapperConnectionPoolDataSource.java:182)
	at com.mchange.v2.c3p0.WrapperConnectionPoolDataSource.getPooledConnection(WrapperConnectionPoolDataSource.java:171)
	at com.mchange.v2.c3p0.impl.C3P0PooledConnectionPool$1PooledConnectionResourcePoolManager.acquireResource(C3P0PooledConnectionPool.java:137)
	at com.mchange.v2.resourcepool.BasicResourcePool.doAcquire(BasicResourcePool.java:1014)
	at com.mchange.v2.resourcepool.BasicResourcePool.access$800(BasicResourcePool.java:32)
	at com.mchange.v2.resourcepool.BasicResourcePool$AcquireTask.run(BasicResourcePool.java:1810)
	at com.mchange.v2.async.ThreadPoolAsynchronousRunner$PoolThread.run(ThreadPoolAsynchronousRunner.java:547)

05-Nov-2018 18:47:36.322 警告 [com.mchange.v2.async.ThreadPoolAsynchronousRunner$PoolThread-#1] com.mchange.v2.resourcepool.BasicResourcePool$AcquireTask.run com.mchange.v2.resourcepool.BasicResourcePool$AcquireTask@412b6ec6 -- Acquisition Attempt Failed!!! Clearing pending acquires. While trying to acquire a needed new resource, we failed to succeed more than the maximum number of allowed acquisition attempts (30). Last acquisition attempt exception: 
 java.sql.SQLException: Access denied for user 'root'@'localhost' (using password: YES)
	at com.mysql.cj.jdbc.exceptions.SQLError.createSQLException(SQLError.java:127)
	at com.mysql.cj.jdbc.exceptions.SQLError.createSQLException(SQLError.java:95)
	at com.mysql.cj.jdbc.exceptions.SQLExceptionsMapping.translateException(SQLExceptionsMapping.java:122)
	at com.mysql.cj.jdbc.ConnectionImpl.createNewIO(ConnectionImpl.java:862)
	at com.mysql.cj.jdbc.ConnectionImpl.<init>(ConnectionImpl.java:444)
	at com.mysql.cj.jdbc.ConnectionImpl.getInstance(ConnectionImpl.java:230)
	at com.mysql.cj.jdbc.NonRegisteringDriver.connect(NonRegisteringDriver.java:226)
	at com.mchange.v2.c3p0.DriverManagerDataSource.getConnection(DriverManagerDataSource.java:134)
	at com.mchange.v2.c3p0.WrapperConnectionPoolDataSource.getPooledConnection(WrapperConnectionPoolDataSource.java:182)
	at com.mchange.v2.c3p0.WrapperConnectionPoolDataSource.getPooledConnection(WrapperConnectionPoolDataSource.java:171)
	at com.mchange.v2.c3p0.impl.C3P0PooledConnectionPool$1PooledConnectionResourcePoolManager.acquireResource(C3P0PooledConnectionPool.java:137)
	at com.mchange.v2.resourcepool.BasicResourcePool.doAcquire(BasicResourcePool.java:1014)
	at com.mchange.v2.resourcepool.BasicResourcePool.access$800(BasicResourcePool.java:32)
	at com.mchange.v2.resourcepool.BasicResourcePool$AcquireTask.run(BasicResourcePool.java:1810)
	at com.mchange.v2.async.ThreadPoolAsynchronousRunner$PoolThread.run(ThreadPoolAsynchronousRunner.java:547)

05-Nov-2018 18:57:07.540 信息 [main] org.apache.catalina.startup.VersionLoggerListener.log Server version:        Apache Tomcat/9.0.10
05-Nov-2018 18:57:07.545 信息 [main] org.apache.catalina.startup.VersionLoggerListener.log Server built:          Jun 20 2018 17:32:21 UTC
05-Nov-2018 18:57:07.546 信息 [main] org.apache.catalina.startup.VersionLoggerListener.log Server number:         9.0.10.0
05-Nov-2018 18:57:07.546 信息 [main] org.apache.catalina.startup.VersionLoggerListener.log OS Name:               Windows 10
05-Nov-2018 18:57:07.546 信息 [main] org.apache.catalina.startup.VersionLoggerListener.log OS Version:            10.0
05-Nov-2018 18:57:07.547 信息 [main] org.apache.catalina.startup.VersionLoggerListener.log Architecture:          amd64
05-Nov-2018 18:57:07.551 信息 [main] org.apache.catalina.startup.VersionLoggerListener.log Java Home:             D:\Java8\jre
05-Nov-2018 18:57:07.551 信息 [main] org.apache.catalina.startup.VersionLoggerListener.log JVM Version:           1.8.0_144-b01
05-Nov-2018 18:57:07.552 信息 [main] org.apache.catalina.startup.VersionLoggerListener.log JVM Vendor:            Oracle Corporation
05-Nov-2018 18:57:07.552 信息 [main] org.apache.catalina.startup.VersionLoggerListener.log CATALINA_BASE:         C:\Users\Ezio\Documents\Desktop\apache-tomcat-9.0.10
05-Nov-2018 18:57:07.552 信息 [main] org.apache.catalina.startup.VersionLoggerListener.log CATALINA_HOME:         C:\Users\Ezio\Documents\Desktop\apache-tomcat-9.0.10
05-Nov-2018 18:57:07.553 信息 [main] org.apache.catalina.startup.VersionLoggerListener.log Command line argument: -Djava.util.logging.config.file=C:\Users\Ezio\Documents\Desktop\apache-tomcat-9.0.10\conf\logging.properties
05-Nov-2018 18:57:07.553 信息 [main] org.apache.catalina.startup.VersionLoggerListener.log Command line argument: -Djava.util.logging.manager=org.apache.juli.ClassLoaderLogManager
05-Nov-2018 18:57:07.553 信息 [main] org.apache.catalina.startup.VersionLoggerListener.log Command line argument: -Djdk.tls.ephemeralDHKeySize=2048
05-Nov-2018 18:57:07.554 信息 [main] org.apache.catalina.startup.VersionLoggerListener.log Command line argument: -Djava.protocol.handler.pkgs=org.apache.catalina.webresources
05-Nov-2018 18:57:07.554 信息 [main] org.apache.catalina.startup.VersionLoggerListener.log Command line argument: -Dignore.endorsed.dirs=
05-Nov-2018 18:57:07.555 信息 [main] org.apache.catalina.startup.VersionLoggerListener.log Command line argument: -Dcatalina.base=C:\Users\Ezio\Documents\Desktop\apache-tomcat-9.0.10
05-Nov-2018 18:57:07.560 信息 [main] org.apache.catalina.startup.VersionLoggerListener.log Command line argument: -Dcatalina.home=C:\Users\Ezio\Documents\Desktop\apache-tomcat-9.0.10
05-Nov-2018 18:57:07.563 信息 [main] org.apache.catalina.startup.VersionLoggerListener.log Command line argument: -Djava.io.tmpdir=C:\Users\Ezio\Documents\Desktop\apache-tomcat-9.0.10\temp
05-Nov-2018 18:57:07.563 信息 [main] org.apache.catalina.core.AprLifecycleListener.lifecycleEvent Loaded APR based Apache Tomcat Native library [1.2.17] using APR version [1.6.3].
05-Nov-2018 18:57:07.564 信息 [main] org.apache.catalina.core.AprLifecycleListener.lifecycleEvent APR capabilities: IPv6 [true], sendfile [true], accept filters [false], random [true].
05-Nov-2018 18:57:07.565 信息 [main] org.apache.catalina.core.AprLifecycleListener.lifecycleEvent APR/OpenSSL configuration: useAprConnector [false], useOpenSSL [true]
05-Nov-2018 18:57:08.550 信息 [main] org.apache.catalina.core.AprLifecycleListener.initializeSSL OpenSSL successfully initialized [OpenSSL 1.0.2o  27 Mar 2018]
05-Nov-2018 18:57:08.699 信息 [main] org.apache.coyote.AbstractProtocol.init Initializing ProtocolHandler ["http-nio-8080"]
05-Nov-2018 18:57:09.036 信息 [main] org.apache.tomcat.util.net.NioSelectorPool.getSharedSelector Using a shared selector for servlet write/read
05-Nov-2018 18:57:09.051 信息 [main] org.apache.coyote.AbstractProtocol.init Initializing ProtocolHandler ["ajp-nio-8009"]
05-Nov-2018 18:57:09.059 信息 [main] org.apache.tomcat.util.net.NioSelectorPool.getSharedSelector Using a shared selector for servlet write/read
05-Nov-2018 18:57:09.060 信息 [main] org.apache.catalina.startup.Catalina.load Initialization processed in 2063 ms
05-Nov-2018 18:57:09.108 信息 [main] org.apache.catalina.core.StandardService.startInternal Starting service [Catalina]
05-Nov-2018 18:57:09.109 信息 [main] org.apache.catalina.core.StandardEngine.startInternal Starting Servlet Engine: Apache Tomcat/9.0.10
05-Nov-2018 18:57:09.125 信息 [main] org.apache.catalina.startup.HostConfig.deployDirectory Deploying web application directory [C:\Users\Ezio\Documents\Desktop\apache-tomcat-9.0.10\webapps\docs]
05-Nov-2018 18:57:09.598 信息 [main] org.apache.catalina.startup.HostConfig.deployDirectory Deployment of web application directory [C:\Users\Ezio\Documents\Desktop\apache-tomcat-9.0.10\webapps\docs] has finished in [472] ms
05-Nov-2018 18:57:09.599 信息 [main] org.apache.catalina.startup.HostConfig.deployDirectory Deploying web application directory [C:\Users\Ezio\Documents\Desktop\apache-tomcat-9.0.10\webapps\education]
05-Nov-2018 18:57:11.005 信息 [main] org.apache.jasper.servlet.TldScanner.scanJars At least one JAR was scanned for TLDs yet contained no TLDs. Enable debug logging for this logger for a complete list of JARs that were scanned but no TLDs were found in them. Skipping unneeded JARs during scanning can improve startup time and JSP compilation time.
05-Nov-2018 18:57:11.044 信息 [main] org.apache.catalina.startup.HostConfig.deployDirectory Deployment of web application directory [C:\Users\Ezio\Documents\Desktop\apache-tomcat-9.0.10\webapps\education] has finished in [1,445] ms
05-Nov-2018 18:57:11.045 信息 [main] org.apache.catalina.startup.HostConfig.deployDirectory Deploying web application directory [C:\Users\Ezio\Documents\Desktop\apache-tomcat-9.0.10\webapps\examples]
05-Nov-2018 18:57:11.488 信息 [main] org.apache.catalina.startup.HostConfig.deployDirectory Deployment of web application directory [C:\Users\Ezio\Documents\Desktop\apache-tomcat-9.0.10\webapps\examples] has finished in [443] ms
05-Nov-2018 18:57:11.489 信息 [main] org.apache.catalina.startup.HostConfig.deployDirectory Deploying web application directory [C:\Users\Ezio\Documents\Desktop\apache-tomcat-9.0.10\webapps\host-manager]
05-Nov-2018 18:57:11.545 信息 [main] org.apache.catalina.startup.HostConfig.deployDirectory Deployment of web application directory [C:\Users\Ezio\Documents\Desktop\apache-tomcat-9.0.10\webapps\host-manager] has finished in [57] ms
05-Nov-2018 18:57:11.546 信息 [main] org.apache.catalina.startup.HostConfig.deployDirectory Deploying web application directory [C:\Users\Ezio\Documents\Desktop\apache-tomcat-9.0.10\webapps\manager]
05-Nov-2018 18:57:11.590 信息 [main] org.apache.catalina.startup.HostConfig.deployDirectory Deployment of web application directory [C:\Users\Ezio\Documents\Desktop\apache-tomcat-9.0.10\webapps\manager] has finished in [44] ms
05-Nov-2018 18:57:11.590 信息 [main] org.apache.catalina.startup.HostConfig.deployDirectory Deploying web application directory [C:\Users\Ezio\Documents\Desktop\apache-tomcat-9.0.10\webapps\ROOT]
05-Nov-2018 18:57:11.623 信息 [main] org.apache.catalina.startup.HostConfig.deployDirectory Deployment of web application directory [C:\Users\Ezio\Documents\Desktop\apache-tomcat-9.0.10\webapps\ROOT] has finished in [32] ms
05-Nov-2018 18:57:11.626 信息 [main] org.apache.coyote.AbstractProtocol.start Starting ProtocolHandler ["http-nio-8080"]
05-Nov-2018 18:57:11.640 信息 [main] org.apache.coyote.AbstractProtocol.start Starting ProtocolHandler ["ajp-nio-8009"]
05-Nov-2018 18:57:11.647 信息 [main] org.apache.catalina.startup.Catalina.start Server startup in 2585 ms
05-Nov-2018 18:57:35.678 信息 [http-nio-8080-exec-6] com.mchange.v2.log.MLog.<clinit> MLog clients using java 1.4+ standard logging.
05-Nov-2018 18:57:36.016 信息 [http-nio-8080-exec-6] com.mchange.v2.c3p0.C3P0Registry.banner Initializing c3p0-0.9.1.2 [built 21-May-2007 15:04:56; debug? true; trace: 10]
05-Nov-2018 18:57:36.273 信息 [http-nio-8080-exec-6] com.mchange.v2.c3p0.impl.AbstractPoolBackedDataSource.getPoolManager Initializing c3p0 pool... com.mchange.v2.c3p0.ComboPooledDataSource [ acquireIncrement -> 3, acquireRetryAttempts -> 30, acquireRetryDelay -> 1000, autoCommitOnClose -> false, automaticTestTable -> null, breakAfterAcquireFailure -> false, checkoutTimeout -> 0, connectionCustomizerClassName -> null, connectionTesterClassName -> com.mchange.v2.c3p0.impl.DefaultConnectionTester, dataSourceName -> 1hgf2td9y1r4n2le89w8rg|20451f1f, debugUnreturnedConnectionStackTraces -> false, description -> null, driverClass -> com.mysql.cj.jdbc.Driver, factoryClassLocation -> null, forceIgnoreUnresolvedTransactions -> false, identityToken -> 1hgf2td9y1r4n2le89w8rg|20451f1f, idleConnectionTestPeriod -> 0, initialPoolSize -> 3, jdbcUrl -> jdbc:mysql://localhost:3306/education?useSSL=false&serverTimezone=GMT, maxAdministrativeTaskTime -> 0, maxConnectionAge -> 0, maxIdleTime -> 0, maxIdleTimeExcessConnections -> 0, maxPoolSize -> 15, maxStatements -> 0, maxStatementsPerConnection -> 0, minPoolSize -> 3, numHelperThreads -> 3, numThreadsAwaitingCheckoutDefaultUser -> 0, preferredTestQuery -> null, properties -> {user=******, password=******}, propertyCycle -> 0, testConnectionOnCheckin -> false, testConnectionOnCheckout -> false, unreturnedConnectionTimeout -> 0, usesTraditionalReflectiveProxies -> false ]
05-Nov-2018 19:00:45.775 信息 [main] org.apache.catalina.startup.VersionLoggerListener.log Server version:        Apache Tomcat/9.0.10
05-Nov-2018 19:00:45.780 信息 [main] org.apache.catalina.startup.VersionLoggerListener.log Server built:          Jun 20 2018 17:32:21 UTC
05-Nov-2018 19:00:45.780 信息 [main] org.apache.catalina.startup.VersionLoggerListener.log Server number:         9.0.10.0
05-Nov-2018 19:00:45.780 信息 [main] org.apache.catalina.startup.VersionLoggerListener.log OS Name:               Windows 10
05-Nov-2018 19:00:45.781 信息 [main] org.apache.catalina.startup.VersionLoggerListener.log OS Version:            10.0
05-Nov-2018 19:00:45.781 信息 [main] org.apache.catalina.startup.VersionLoggerListener.log Architecture:          amd64
05-Nov-2018 19:00:45.787 信息 [main] org.apache.catalina.startup.VersionLoggerListener.log Java Home:             D:\Java8\jre
05-Nov-2018 19:00:45.787 信息 [main] org.apache.catalina.startup.VersionLoggerListener.log JVM Version:           1.8.0_144-b01
05-Nov-2018 19:00:45.787 信息 [main] org.apache.catalina.startup.VersionLoggerListener.log JVM Vendor:            Oracle Corporation
05-Nov-2018 19:00:45.787 信息 [main] org.apache.catalina.startup.VersionLoggerListener.log CATALINA_BASE:         C:\Users\Ezio\Documents\Desktop\apache-tomcat-9.0.10
05-Nov-2018 19:00:45.787 信息 [main] org.apache.catalina.startup.VersionLoggerListener.log CATALINA_HOME:         C:\Users\Ezio\Documents\Desktop\apache-tomcat-9.0.10
05-Nov-2018 19:00:45.787 信息 [main] org.apache.catalina.startup.VersionLoggerListener.log Command line argument: -Djava.util.logging.config.file=C:\Users\Ezio\Documents\Desktop\apache-tomcat-9.0.10\conf\logging.properties
05-Nov-2018 19:00:45.787 信息 [main] org.apache.catalina.startup.VersionLoggerListener.log Command line argument: -Djava.util.logging.manager=org.apache.juli.ClassLoaderLogManager
05-Nov-2018 19:00:45.788 信息 [main] org.apache.catalina.startup.VersionLoggerListener.log Command line argument: -Djdk.tls.ephemeralDHKeySize=2048
05-Nov-2018 19:00:45.788 信息 [main] org.apache.catalina.startup.VersionLoggerListener.log Command line argument: -Djava.protocol.handler.pkgs=org.apache.catalina.webresources
05-Nov-2018 19:00:45.788 信息 [main] org.apache.catalina.startup.VersionLoggerListener.log Command line argument: -Dignore.endorsed.dirs=
05-Nov-2018 19:00:45.788 信息 [main] org.apache.catalina.startup.VersionLoggerListener.log Command line argument: -Dcatalina.base=C:\Users\Ezio\Documents\Desktop\apache-tomcat-9.0.10
05-Nov-2018 19:00:45.789 信息 [main] org.apache.catalina.startup.VersionLoggerListener.log Command line argument: -Dcatalina.home=C:\Users\Ezio\Documents\Desktop\apache-tomcat-9.0.10
05-Nov-2018 19:00:45.794 信息 [main] org.apache.catalina.startup.VersionLoggerListener.log Command line argument: -Djava.io.tmpdir=C:\Users\Ezio\Documents\Desktop\apache-tomcat-9.0.10\temp
05-Nov-2018 19:00:45.796 信息 [main] org.apache.catalina.core.AprLifecycleListener.lifecycleEvent Loaded APR based Apache Tomcat Native library [1.2.17] using APR version [1.6.3].
05-Nov-2018 19:00:45.796 信息 [main] org.apache.catalina.core.AprLifecycleListener.lifecycleEvent APR capabilities: IPv6 [true], sendfile [true], accept filters [false], random [true].
05-Nov-2018 19:00:45.797 信息 [main] org.apache.catalina.core.AprLifecycleListener.lifecycleEvent APR/OpenSSL configuration: useAprConnector [false], useOpenSSL [true]
05-Nov-2018 19:00:46.825 信息 [main] org.apache.catalina.core.AprLifecycleListener.initializeSSL OpenSSL successfully initialized [OpenSSL 1.0.2o  27 Mar 2018]
05-Nov-2018 19:00:46.972 信息 [main] org.apache.coyote.AbstractProtocol.init Initializing ProtocolHandler ["http-nio-8080"]
05-Nov-2018 19:00:47.014 严重 [main] org.apache.catalina.util.LifecycleBase.handleSubClassException Failed to initialize component [Connector[HTTP/1.1-8080]]
 org.apache.catalina.LifecycleException: Protocol handler initialization failed
	at org.apache.catalina.connector.Connector.initInternal(Connector.java:935)
	at org.apache.catalina.util.LifecycleBase.init(LifecycleBase.java:136)
	at org.apache.catalina.core.StandardService.initInternal(StandardService.java:530)
	at org.apache.catalina.util.LifecycleBase.init(LifecycleBase.java:136)
	at org.apache.catalina.core.StandardServer.initInternal(StandardServer.java:852)
	at org.apache.catalina.util.LifecycleBase.init(LifecycleBase.java:136)
	at org.apache.catalina.startup.Catalina.load(Catalina.java:633)
	at org.apache.catalina.startup.Catalina.load(Catalina.java:656)
	at sun.reflect.NativeMethodAccessorImpl.invoke0(Native Method)
	at sun.reflect.NativeMethodAccessorImpl.invoke(NativeMethodAccessorImpl.java:62)
	at sun.reflect.DelegatingMethodAccessorImpl.invoke(DelegatingMethodAccessorImpl.java:43)
	at java.lang.reflect.Method.invoke(Method.java:498)
	at org.apache.catalina.startup.Bootstrap.load(Bootstrap.java:306)
	at org.apache.catalina.startup.Bootstrap.main(Bootstrap.java:491)
Caused by: java.net.BindException: Address already in use: bind
	at sun.nio.ch.Net.bind0(Native Method)
	at sun.nio.ch.Net.bind(Net.java:433)
	at sun.nio.ch.Net.bind(Net.java:425)
	at sun.nio.ch.ServerSocketChannelImpl.bind(ServerSocketChannelImpl.java:223)
	at sun.nio.ch.ServerSocketAdaptor.bind(ServerSocketAdaptor.java:74)
	at org.apache.tomcat.util.net.NioEndpoint.initServerSocket(NioEndpoint.java:227)
	at org.apache.tomcat.util.net.NioEndpoint.bind(NioEndpoint.java:202)
	at org.apache.tomcat.util.net.AbstractEndpoint.init(AbstractEndpoint.java:1043)
	at org.apache.coyote.AbstractProtocol.init(AbstractProtocol.java:540)
	at org.apache.coyote.http11.AbstractHttp11Protocol.init(AbstractHttp11Protocol.java:74)
	at org.apache.catalina.connector.Connector.initInternal(Connector.java:932)
	... 13 more

05-Nov-2018 19:00:47.018 信息 [main] org.apache.coyote.AbstractProtocol.init Initializing ProtocolHandler ["ajp-nio-8009"]
05-Nov-2018 19:00:47.024 严重 [main] org.apache.catalina.util.LifecycleBase.handleSubClassException Failed to initialize component [Connector[AJP/1.3-8009]]
 org.apache.catalina.LifecycleException: Protocol handler initialization failed
	at org.apache.catalina.connector.Connector.initInternal(Connector.java:935)
	at org.apache.catalina.util.LifecycleBase.init(LifecycleBase.java:136)
	at org.apache.catalina.core.StandardService.initInternal(StandardService.java:530)
	at org.apache.catalina.util.LifecycleBase.init(LifecycleBase.java:136)
	at org.apache.catalina.core.StandardServer.initInternal(StandardServer.java:852)
	at org.apache.catalina.util.LifecycleBase.init(LifecycleBase.java:136)
	at org.apache.catalina.startup.Catalina.load(Catalina.java:633)
	at org.apache.catalina.startup.Catalina.load(Catalina.java:656)
	at sun.reflect.NativeMethodAccessorImpl.invoke0(Native Method)
	at sun.reflect.NativeMethodAccessorImpl.invoke(NativeMethodAccessorImpl.java:62)
	at sun.reflect.DelegatingMethodAccessorImpl.invoke(DelegatingMethodAccessorImpl.java:43)
	at java.lang.reflect.Method.invoke(Method.java:498)
	at org.apache.catalina.startup.Bootstrap.load(Bootstrap.java:306)
	at org.apache.catalina.startup.Bootstrap.main(Bootstrap.java:491)
Caused by: java.net.BindException: Address already in use: bind
	at sun.nio.ch.Net.bind0(Native Method)
	at sun.nio.ch.Net.bind(Net.java:433)
	at sun.nio.ch.Net.bind(Net.java:425)
	at sun.nio.ch.ServerSocketChannelImpl.bind(ServerSocketChannelImpl.java:223)
	at sun.nio.ch.ServerSocketAdaptor.bind(ServerSocketAdaptor.java:74)
	at org.apache.tomcat.util.net.NioEndpoint.initServerSocket(NioEndpoint.java:227)
	at org.apache.tomcat.util.net.NioEndpoint.bind(NioEndpoint.java:202)
	at org.apache.tomcat.util.net.AbstractEndpoint.init(AbstractEndpoint.java:1043)
	at org.apache.coyote.AbstractProtocol.init(AbstractProtocol.java:540)
	at org.apache.catalina.connector.Connector.initInternal(Connector.java:932)
	... 13 more

05-Nov-2018 19:00:47.025 信息 [main] org.apache.catalina.startup.Catalina.load Initialization processed in 1816 ms
05-Nov-2018 19:00:47.075 信息 [main] org.apache.catalina.core.StandardService.startInternal Starting service [Catalina]
05-Nov-2018 19:00:47.075 信息 [main] org.apache.catalina.core.StandardEngine.startInternal Starting Servlet Engine: Apache Tomcat/9.0.10
05-Nov-2018 19:00:47.092 信息 [main] org.apache.catalina.startup.HostConfig.deployDirectory Deploying web application directory [C:\Users\Ezio\Documents\Desktop\apache-tomcat-9.0.10\webapps\docs]
05-Nov-2018 19:00:47.811 警告 [main] org.apache.catalina.util.SessionIdGeneratorBase.createSecureRandom Creation of SecureRandom instance for session ID generation using [SHA1PRNG] took [351] milliseconds.
05-Nov-2018 19:00:47.838 信息 [main] org.apache.catalina.startup.HostConfig.deployDirectory Deployment of web application directory [C:\Users\Ezio\Documents\Desktop\apache-tomcat-9.0.10\webapps\docs] has finished in [746] ms
05-Nov-2018 19:00:47.839 信息 [main] org.apache.catalina.startup.HostConfig.deployDirectory Deploying web application directory [C:\Users\Ezio\Documents\Desktop\apache-tomcat-9.0.10\webapps\education]
05-Nov-2018 19:00:48.808 信息 [main] org.apache.jasper.servlet.TldScanner.scanJars At least one JAR was scanned for TLDs yet contained no TLDs. Enable debug logging for this logger for a complete list of JARs that were scanned but no TLDs were found in them. Skipping unneeded JARs during scanning can improve startup time and JSP compilation time.
05-Nov-2018 19:00:48.843 信息 [main] org.apache.catalina.startup.HostConfig.deployDirectory Deployment of web application directory [C:\Users\Ezio\Documents\Desktop\apache-tomcat-9.0.10\webapps\education] has finished in [1,004] ms
05-Nov-2018 19:00:48.845 信息 [main] org.apache.catalina.startup.HostConfig.deployDirectory Deploying web application directory [C:\Users\Ezio\Documents\Desktop\apache-tomcat-9.0.10\webapps\examples]
05-Nov-2018 19:00:49.292 信息 [main] org.apache.catalina.startup.HostConfig.deployDirectory Deployment of web application directory [C:\Users\Ezio\Documents\Desktop\apache-tomcat-9.0.10\webapps\examples] has finished in [447] ms
05-Nov-2018 19:00:49.294 信息 [main] org.apache.catalina.startup.HostConfig.deployDirectory Deploying web application directory [C:\Users\Ezio\Documents\Desktop\apache-tomcat-9.0.10\webapps\host-manager]
05-Nov-2018 19:00:49.352 信息 [main] org.apache.catalina.startup.HostConfig.deployDirectory Deployment of web application directory [C:\Users\Ezio\Documents\Desktop\apache-tomcat-9.0.10\webapps\host-manager] has finished in [58] ms
05-Nov-2018 19:00:49.353 信息 [main] org.apache.catalina.startup.HostConfig.deployDirectory Deploying web application directory [C:\Users\Ezio\Documents\Desktop\apache-tomcat-9.0.10\webapps\manager]
05-Nov-2018 19:00:49.401 信息 [main] org.apache.catalina.startup.HostConfig.deployDirectory Deployment of web application directory [C:\Users\Ezio\Documents\Desktop\apache-tomcat-9.0.10\webapps\manager] has finished in [48] ms
05-Nov-2018 19:00:49.402 信息 [main] org.apache.catalina.startup.HostConfig.deployDirectory Deploying web application directory [C:\Users\Ezio\Documents\Desktop\apache-tomcat-9.0.10\webapps\ROOT]
05-Nov-2018 19:00:49.434 信息 [main] org.apache.catalina.startup.HostConfig.deployDirectory Deployment of web application directory [C:\Users\Ezio\Documents\Desktop\apache-tomcat-9.0.10\webapps\ROOT] has finished in [32] ms
05-Nov-2018 19:00:49.437 信息 [main] org.apache.catalina.startup.Catalina.start Server startup in 2411 ms
05-Nov-2018 19:00:49.458 严重 [main] org.apache.catalina.core.StandardServer.await StandardServer.await: create[localhost:8005]: 
 java.net.BindException: Address already in use: JVM_Bind
	at java.net.DualStackPlainSocketImpl.bind0(Native Method)
	at java.net.DualStackPlainSocketImpl.socketBind(DualStackPlainSocketImpl.java:106)
	at java.net.AbstractPlainSocketImpl.bind(AbstractPlainSocketImpl.java:387)
	at java.net.PlainSocketImpl.bind(PlainSocketImpl.java:190)
	at java.net.ServerSocket.bind(ServerSocket.java:375)
	at java.net.ServerSocket.<init>(ServerSocket.java:237)
	at org.apache.catalina.core.StandardServer.await(StandardServer.java:422)
	at org.apache.catalina.startup.Catalina.await(Catalina.java:770)
	at org.apache.catalina.startup.Catalina.start(Catalina.java:716)
	at sun.reflect.NativeMethodAccessorImpl.invoke0(Native Method)
	at sun.reflect.NativeMethodAccessorImpl.invoke(NativeMethodAccessorImpl.java:62)
	at sun.reflect.DelegatingMethodAccessorImpl.invoke(DelegatingMethodAccessorImpl.java:43)
	at java.lang.reflect.Method.invoke(Method.java:498)
	at org.apache.catalina.startup.Bootstrap.start(Bootstrap.java:350)
	at org.apache.catalina.startup.Bootstrap.main(Bootstrap.java:492)

05-Nov-2018 19:00:49.459 信息 [main] org.apache.coyote.AbstractProtocol.pause Pausing ProtocolHandler ["http-nio-8080"]
05-Nov-2018 19:00:49.463 信息 [main] org.apache.coyote.AbstractProtocol.pause Pausing ProtocolHandler ["ajp-nio-8009"]
05-Nov-2018 19:00:49.464 信息 [main] org.apache.catalina.core.StandardService.stopInternal Stopping service [Catalina]
05-Nov-2018 19:00:49.548 信息 [main] org.apache.coyote.AbstractProtocol.stop Stopping ProtocolHandler ["http-nio-8080"]
05-Nov-2018 19:00:49.548 信息 [main] org.apache.coyote.AbstractProtocol.destroy Destroying ProtocolHandler ["http-nio-8080"]
05-Nov-2018 19:00:49.550 信息 [main] org.apache.coyote.AbstractProtocol.stop Stopping ProtocolHandler ["ajp-nio-8009"]
05-Nov-2018 19:00:49.551 信息 [main] org.apache.coyote.AbstractProtocol.destroy Destroying ProtocolHandler ["ajp-nio-8009"]
05-Nov-2018 19:01:49.284 信息 [main] org.apache.catalina.startup.VersionLoggerListener.log Server version:        Apache Tomcat/9.0.10
05-Nov-2018 19:01:49.289 信息 [main] org.apache.catalina.startup.VersionLoggerListener.log Server built:          Jun 20 2018 17:32:21 UTC
05-Nov-2018 19:01:49.291 信息 [main] org.apache.catalina.startup.VersionLoggerListener.log Server number:         9.0.10.0
05-Nov-2018 19:01:49.291 信息 [main] org.apache.catalina.startup.VersionLoggerListener.log OS Name:               Windows 10
05-Nov-2018 19:01:49.292 信息 [main] org.apache.catalina.startup.VersionLoggerListener.log OS Version:            10.0
05-Nov-2018 19:01:49.292 信息 [main] org.apache.catalina.startup.VersionLoggerListener.log Architecture:          amd64
05-Nov-2018 19:01:49.297 信息 [main] org.apache.catalina.startup.VersionLoggerListener.log Java Home:             D:\Java8\jre
05-Nov-2018 19:01:49.298 信息 [main] org.apache.catalina.startup.VersionLoggerListener.log JVM Version:           1.8.0_144-b01
05-Nov-2018 19:01:49.298 信息 [main] org.apache.catalina.startup.VersionLoggerListener.log JVM Vendor:            Oracle Corporation
05-Nov-2018 19:01:49.298 信息 [main] org.apache.catalina.startup.VersionLoggerListener.log CATALINA_BASE:         C:\Users\Ezio\Documents\Desktop\apache-tomcat-9.0.10
05-Nov-2018 19:01:49.301 信息 [main] org.apache.catalina.startup.VersionLoggerListener.log CATALINA_HOME:         C:\Users\Ezio\Documents\Desktop\apache-tomcat-9.0.10
05-Nov-2018 19:01:49.302 信息 [main] org.apache.catalina.startup.VersionLoggerListener.log Command line argument: -Djava.util.logging.config.file=C:\Users\Ezio\Documents\Desktop\apache-tomcat-9.0.10\conf\logging.properties
05-Nov-2018 19:01:49.302 信息 [main] org.apache.catalina.startup.VersionLoggerListener.log Command line argument: -Djava.util.logging.manager=org.apache.juli.ClassLoaderLogManager
05-Nov-2018 19:01:49.303 信息 [main] org.apache.catalina.startup.VersionLoggerListener.log Command line argument: -Djdk.tls.ephemeralDHKeySize=2048
05-Nov-2018 19:01:49.304 信息 [main] org.apache.catalina.startup.VersionLoggerListener.log Command line argument: -Djava.protocol.handler.pkgs=org.apache.catalina.webresources
05-Nov-2018 19:01:49.304 信息 [main] org.apache.catalina.startup.VersionLoggerListener.log Command line argument: -Dignore.endorsed.dirs=
05-Nov-2018 19:01:49.305 信息 [main] org.apache.catalina.startup.VersionLoggerListener.log Command line argument: -Dcatalina.base=C:\Users\Ezio\Documents\Desktop\apache-tomcat-9.0.10
05-Nov-2018 19:01:49.305 信息 [main] org.apache.catalina.startup.VersionLoggerListener.log Command line argument: -Dcatalina.home=C:\Users\Ezio\Documents\Desktop\apache-tomcat-9.0.10
05-Nov-2018 19:01:49.306 信息 [main] org.apache.catalina.startup.VersionLoggerListener.log Command line argument: -Djava.io.tmpdir=C:\Users\Ezio\Documents\Desktop\apache-tomcat-9.0.10\temp
05-Nov-2018 19:01:49.307 信息 [main] org.apache.catalina.core.AprLifecycleListener.lifecycleEvent Loaded APR based Apache Tomcat Native library [1.2.17] using APR version [1.6.3].
05-Nov-2018 19:01:49.307 信息 [main] org.apache.catalina.core.AprLifecycleListener.lifecycleEvent APR capabilities: IPv6 [true], sendfile [true], accept filters [false], random [true].
05-Nov-2018 19:01:49.310 信息 [main] org.apache.catalina.core.AprLifecycleListener.lifecycleEvent APR/OpenSSL configuration: useAprConnector [false], useOpenSSL [true]
05-Nov-2018 19:01:50.337 信息 [main] org.apache.catalina.core.AprLifecycleListener.initializeSSL OpenSSL successfully initialized [OpenSSL 1.0.2o  27 Mar 2018]
05-Nov-2018 19:01:50.486 信息 [main] org.apache.coyote.AbstractProtocol.init Initializing ProtocolHandler ["http-nio-8080"]
05-Nov-2018 19:01:50.829 信息 [main] org.apache.tomcat.util.net.NioSelectorPool.getSharedSelector Using a shared selector for servlet write/read
05-Nov-2018 19:01:50.841 信息 [main] org.apache.coyote.AbstractProtocol.init Initializing ProtocolHandler ["ajp-nio-8009"]
05-Nov-2018 19:01:50.847 信息 [main] org.apache.tomcat.util.net.NioSelectorPool.getSharedSelector Using a shared selector for servlet write/read
05-Nov-2018 19:01:50.848 信息 [main] org.apache.catalina.startup.Catalina.load Initialization processed in 1968 ms
05-Nov-2018 19:01:50.883 信息 [main] org.apache.catalina.core.StandardService.startInternal Starting service [Catalina]
05-Nov-2018 19:01:50.884 信息 [main] org.apache.catalina.core.StandardEngine.startInternal Starting Servlet Engine: Apache Tomcat/9.0.10
05-Nov-2018 19:01:50.896 信息 [main] org.apache.catalina.startup.HostConfig.deployDirectory Deploying web application directory [C:\Users\Ezio\Documents\Desktop\apache-tomcat-9.0.10\webapps\docs]
05-Nov-2018 19:01:51.219 信息 [main] org.apache.catalina.startup.HostConfig.deployDirectory Deployment of web application directory [C:\Users\Ezio\Documents\Desktop\apache-tomcat-9.0.10\webapps\docs] has finished in [323] ms
05-Nov-2018 19:01:51.220 信息 [main] org.apache.catalina.startup.HostConfig.deployDirectory Deploying web application directory [C:\Users\Ezio\Documents\Desktop\apache-tomcat-9.0.10\webapps\education]
05-Nov-2018 19:01:52.201 信息 [main] org.apache.jasper.servlet.TldScanner.scanJars At least one JAR was scanned for TLDs yet contained no TLDs. Enable debug logging for this logger for a complete list of JARs that were scanned but no TLDs were found in them. Skipping unneeded JARs during scanning can improve startup time and JSP compilation time.
05-Nov-2018 19:01:52.232 信息 [main] org.apache.catalina.startup.HostConfig.deployDirectory Deployment of web application directory [C:\Users\Ezio\Documents\Desktop\apache-tomcat-9.0.10\webapps\education] has finished in [1,012] ms
05-Nov-2018 19:01:52.233 信息 [main] org.apache.catalina.startup.HostConfig.deployDirectory Deploying web application directory [C:\Users\Ezio\Documents\Desktop\apache-tomcat-9.0.10\webapps\examples]
05-Nov-2018 19:01:52.713 信息 [main] org.apache.catalina.startup.HostConfig.deployDirectory Deployment of web application directory [C:\Users\Ezio\Documents\Desktop\apache-tomcat-9.0.10\webapps\examples] has finished in [480] ms
05-Nov-2018 19:01:52.713 信息 [main] org.apache.catalina.startup.HostConfig.deployDirectory Deploying web application directory [C:\Users\Ezio\Documents\Desktop\apache-tomcat-9.0.10\webapps\host-manager]
05-Nov-2018 19:01:52.758 信息 [main] org.apache.catalina.startup.HostConfig.deployDirectory Deployment of web application directory [C:\Users\Ezio\Documents\Desktop\apache-tomcat-9.0.10\webapps\host-manager] has finished in [45] ms
05-Nov-2018 19:01:52.759 信息 [main] org.apache.catalina.startup.HostConfig.deployDirectory Deploying web application directory [C:\Users\Ezio\Documents\Desktop\apache-tomcat-9.0.10\webapps\manager]
05-Nov-2018 19:01:52.795 信息 [main] org.apache.catalina.startup.HostConfig.deployDirectory Deployment of web application directory [C:\Users\Ezio\Documents\Desktop\apache-tomcat-9.0.10\webapps\manager] has finished in [36] ms
05-Nov-2018 19:01:52.795 信息 [main] org.apache.catalina.startup.HostConfig.deployDirectory Deploying web application directory [C:\Users\Ezio\Documents\Desktop\apache-tomcat-9.0.10\webapps\ROOT]
05-Nov-2018 19:01:52.823 信息 [main] org.apache.catalina.startup.HostConfig.deployDirectory Deployment of web application directory [C:\Users\Ezio\Documents\Desktop\apache-tomcat-9.0.10\webapps\ROOT] has finished in [28] ms
05-Nov-2018 19:01:52.826 信息 [main] org.apache.coyote.AbstractProtocol.start Starting ProtocolHandler ["http-nio-8080"]
05-Nov-2018 19:01:52.842 信息 [main] org.apache.coyote.AbstractProtocol.start Starting ProtocolHandler ["ajp-nio-8009"]
05-Nov-2018 19:01:52.847 信息 [main] org.apache.catalina.startup.Catalina.start Server startup in 1997 ms
05-Nov-2018 19:03:17.599 信息 [http-nio-8080-exec-4] com.mchange.v2.log.MLog.<clinit> MLog clients using java 1.4+ standard logging.
05-Nov-2018 19:03:17.731 信息 [http-nio-8080-exec-4] com.mchange.v2.c3p0.C3P0Registry.banner Initializing c3p0-0.9.1.2 [built 21-May-2007 15:04:56; debug? true; trace: 10]
05-Nov-2018 19:03:18.057 信息 [http-nio-8080-exec-4] com.mchange.v2.c3p0.impl.AbstractPoolBackedDataSource.getPoolManager Initializing c3p0 pool... com.mchange.v2.c3p0.ComboPooledDataSource [ acquireIncrement -> 3, acquireRetryAttempts -> 30, acquireRetryDelay -> 1000, autoCommitOnClose -> false, automaticTestTable -> null, breakAfterAcquireFailure -> false, checkoutTimeout -> 0, connectionCustomizerClassName -> null, connectionTesterClassName -> com.mchange.v2.c3p0.impl.DefaultConnectionTester, dataSourceName -> 1hgf2td9y1r4ue9a1kou0jc|470bcc13, debugUnreturnedConnectionStackTraces -> false, description -> null, driverClass -> com.mysql.cj.jdbc.Driver, factoryClassLocation -> null, forceIgnoreUnresolvedTransactions -> false, identityToken -> 1hgf2td9y1r4ue9a1kou0jc|470bcc13, idleConnectionTestPeriod -> 0, initialPoolSize -> 3, jdbcUrl -> jdbc:mysql://localhost:3306/education?useSSL=false&serverTimezone=GMT, maxAdministrativeTaskTime -> 0, maxConnectionAge -> 0, maxIdleTime -> 0, maxIdleTimeExcessConnections -> 0, maxPoolSize -> 15, maxStatements -> 0, maxStatementsPerConnection -> 0, minPoolSize -> 3, numHelperThreads -> 3, numThreadsAwaitingCheckoutDefaultUser -> 0, preferredTestQuery -> null, properties -> {user=******, password=******}, propertyCycle -> 0, testConnectionOnCheckin -> false, testConnectionOnCheckout -> false, unreturnedConnectionTimeout -> 0, usesTraditionalReflectiveProxies -> false ]
