09-Nov-2018 16:04:06.453 信息 [main] org.apache.catalina.startup.VersionLoggerListener.log Server version:        Apache Tomcat/9.0.10
09-Nov-2018 16:04:06.460 信息 [main] org.apache.catalina.startup.VersionLoggerListener.log Server built:          Jun 20 2018 17:32:21 UTC
09-Nov-2018 16:04:06.464 信息 [main] org.apache.catalina.startup.VersionLoggerListener.log Server number:         9.0.10.0
09-Nov-2018 16:04:06.465 信息 [main] org.apache.catalina.startup.VersionLoggerListener.log OS Name:               Windows 10
09-Nov-2018 16:04:06.465 信息 [main] org.apache.catalina.startup.VersionLoggerListener.log OS Version:            10.0
09-Nov-2018 16:04:06.466 信息 [main] org.apache.catalina.startup.VersionLoggerListener.log Architecture:          amd64
09-Nov-2018 16:04:06.476 信息 [main] org.apache.catalina.startup.VersionLoggerListener.log Java Home:             D:\Java8\jre
09-Nov-2018 16:04:06.477 信息 [main] org.apache.catalina.startup.VersionLoggerListener.log JVM Version:           1.8.0_144-b01
09-Nov-2018 16:04:06.477 信息 [main] org.apache.catalina.startup.VersionLoggerListener.log JVM Vendor:            Oracle Corporation
09-Nov-2018 16:04:06.477 信息 [main] org.apache.catalina.startup.VersionLoggerListener.log CATALINA_BASE:         D:\一些文件\apache-tomcat-9.0.10
09-Nov-2018 16:04:06.477 信息 [main] org.apache.catalina.startup.VersionLoggerListener.log CATALINA_HOME:         D:\一些文件\apache-tomcat-9.0.10
09-Nov-2018 16:04:06.478 信息 [main] org.apache.catalina.startup.VersionLoggerListener.log Command line argument: -Djava.util.logging.config.file=D:\一些文件\apache-tomcat-9.0.10\conf\logging.properties
09-Nov-2018 16:04:06.478 信息 [main] org.apache.catalina.startup.VersionLoggerListener.log Command line argument: -Djava.util.logging.manager=org.apache.juli.ClassLoaderLogManager
09-Nov-2018 16:04:06.478 信息 [main] org.apache.catalina.startup.VersionLoggerListener.log Command line argument: -Djdk.tls.ephemeralDHKeySize=2048
09-Nov-2018 16:04:06.478 信息 [main] org.apache.catalina.startup.VersionLoggerListener.log Command line argument: -Djava.protocol.handler.pkgs=org.apache.catalina.webresources
09-Nov-2018 16:04:06.479 信息 [main] org.apache.catalina.startup.VersionLoggerListener.log Command line argument: -Dignore.endorsed.dirs=
09-Nov-2018 16:04:06.479 信息 [main] org.apache.catalina.startup.VersionLoggerListener.log Command line argument: -Dcatalina.base=D:\一些文件\apache-tomcat-9.0.10
09-Nov-2018 16:04:06.480 信息 [main] org.apache.catalina.startup.VersionLoggerListener.log Command line argument: -Dcatalina.home=D:\一些文件\apache-tomcat-9.0.10
09-Nov-2018 16:04:06.480 信息 [main] org.apache.catalina.startup.VersionLoggerListener.log Command line argument: -Djava.io.tmpdir=D:\一些文件\apache-tomcat-9.0.10\temp
09-Nov-2018 16:04:06.481 信息 [main] org.apache.catalina.core.AprLifecycleListener.lifecycleEvent Loaded APR based Apache Tomcat Native library [1.2.17] using APR version [1.6.3].
09-Nov-2018 16:04:06.483 信息 [main] org.apache.catalina.core.AprLifecycleListener.lifecycleEvent APR capabilities: IPv6 [true], sendfile [true], accept filters [false], random [true].
09-Nov-2018 16:04:06.483 信息 [main] org.apache.catalina.core.AprLifecycleListener.lifecycleEvent APR/OpenSSL configuration: useAprConnector [false], useOpenSSL [true]
09-Nov-2018 16:04:07.359 信息 [main] org.apache.catalina.core.AprLifecycleListener.initializeSSL OpenSSL successfully initialized [OpenSSL 1.0.2o  27 Mar 2018]
09-Nov-2018 16:04:07.489 信息 [main] org.apache.coyote.AbstractProtocol.init Initializing ProtocolHandler ["http-nio-8080"]
09-Nov-2018 16:04:07.761 信息 [main] org.apache.tomcat.util.net.NioSelectorPool.getSharedSelector Using a shared selector for servlet write/read
09-Nov-2018 16:04:07.774 信息 [main] org.apache.coyote.AbstractProtocol.init Initializing ProtocolHandler ["ajp-nio-8009"]
09-Nov-2018 16:04:07.778 信息 [main] org.apache.tomcat.util.net.NioSelectorPool.getSharedSelector Using a shared selector for servlet write/read
09-Nov-2018 16:04:07.778 信息 [main] org.apache.catalina.startup.Catalina.load Initialization processed in 1750 ms
09-Nov-2018 16:04:07.808 信息 [main] org.apache.catalina.core.StandardService.startInternal Starting service [Catalina]
09-Nov-2018 16:04:07.809 信息 [main] org.apache.catalina.core.StandardEngine.startInternal Starting Servlet Engine: Apache Tomcat/9.0.10
09-Nov-2018 16:04:07.822 信息 [main] org.apache.catalina.startup.HostConfig.deployDirectory Deploying web application directory [D:\一些文件\apache-tomcat-9.0.10\webapps\docs]
09-Nov-2018 16:04:08.288 信息 [main] org.apache.catalina.startup.HostConfig.deployDirectory Deployment of web application directory [D:\一些文件\apache-tomcat-9.0.10\webapps\docs] has finished in [465] ms
09-Nov-2018 16:04:08.289 信息 [main] org.apache.catalina.startup.HostConfig.deployDirectory Deploying web application directory [D:\一些文件\apache-tomcat-9.0.10\webapps\education]
09-Nov-2018 16:04:10.223 信息 [main] org.apache.jasper.servlet.TldScanner.scanJars At least one JAR was scanned for TLDs yet contained no TLDs. Enable debug logging for this logger for a complete list of JARs that were scanned but no TLDs were found in them. Skipping unneeded JARs during scanning can improve startup time and JSP compilation time.
09-Nov-2018 16:04:10.290 信息 [main] org.apache.catalina.startup.HostConfig.deployDirectory Deployment of web application directory [D:\一些文件\apache-tomcat-9.0.10\webapps\education] has finished in [2,002] ms
09-Nov-2018 16:04:10.291 信息 [main] org.apache.catalina.startup.HostConfig.deployDirectory Deploying web application directory [D:\一些文件\apache-tomcat-9.0.10\webapps\examples]
09-Nov-2018 16:04:11.045 信息 [main] org.apache.catalina.startup.HostConfig.deployDirectory Deployment of web application directory [D:\一些文件\apache-tomcat-9.0.10\webapps\examples] has finished in [755] ms
09-Nov-2018 16:04:11.046 信息 [main] org.apache.catalina.startup.HostConfig.deployDirectory Deploying web application directory [D:\一些文件\apache-tomcat-9.0.10\webapps\host-manager]
09-Nov-2018 16:04:11.123 信息 [main] org.apache.catalina.startup.HostConfig.deployDirectory Deployment of web application directory [D:\一些文件\apache-tomcat-9.0.10\webapps\host-manager] has finished in [77] ms
09-Nov-2018 16:04:11.124 信息 [main] org.apache.catalina.startup.HostConfig.deployDirectory Deploying web application directory [D:\一些文件\apache-tomcat-9.0.10\webapps\manager]
09-Nov-2018 16:04:11.260 信息 [main] org.apache.catalina.startup.HostConfig.deployDirectory Deployment of web application directory [D:\一些文件\apache-tomcat-9.0.10\webapps\manager] has finished in [136] ms
09-Nov-2018 16:04:11.261 信息 [main] org.apache.catalina.startup.HostConfig.deployDirectory Deploying web application directory [D:\一些文件\apache-tomcat-9.0.10\webapps\ROOT]
09-Nov-2018 16:04:11.307 信息 [main] org.apache.catalina.startup.HostConfig.deployDirectory Deployment of web application directory [D:\一些文件\apache-tomcat-9.0.10\webapps\ROOT] has finished in [46] ms
09-Nov-2018 16:04:11.314 信息 [main] org.apache.coyote.AbstractProtocol.start Starting ProtocolHandler ["http-nio-8080"]
09-Nov-2018 16:04:11.338 信息 [main] org.apache.coyote.AbstractProtocol.start Starting ProtocolHandler ["ajp-nio-8009"]
09-Nov-2018 16:04:11.346 信息 [main] org.apache.catalina.startup.Catalina.start Server startup in 3566 ms
09-Nov-2018 16:05:30.967 信息 [http-nio-8080-exec-3] com.mchange.v2.log.MLog.<clinit> MLog clients using java 1.4+ standard logging.
09-Nov-2018 16:05:31.494 信息 [http-nio-8080-exec-3] com.mchange.v2.c3p0.C3P0Registry.banner Initializing c3p0-0.9.1.2 [built 21-May-2007 15:04:56; debug? true; trace: 10]
09-Nov-2018 16:05:32.014 信息 [http-nio-8080-exec-3] com.mchange.v2.c3p0.impl.AbstractPoolBackedDataSource.getPoolManager Initializing c3p0 pool... com.mchange.v2.c3p0.ComboPooledDataSource [ acquireIncrement -> 3, acquireRetryAttempts -> 30, acquireRetryDelay -> 1000, autoCommitOnClose -> false, automaticTestTable -> null, breakAfterAcquireFailure -> false, checkoutTimeout -> 0, connectionCustomizerClassName -> null, connectionTesterClassName -> com.mchange.v2.c3p0.impl.DefaultConnectionTester, dataSourceName -> 1b61bs49y1wo96rw1leya8e|1809a91, debugUnreturnedConnectionStackTraces -> false, description -> null, driverClass -> com.mysql.cj.jdbc.Driver, factoryClassLocation -> null, forceIgnoreUnresolvedTransactions -> false, identityToken -> 1b61bs49y1wo96rw1leya8e|1809a91, idleConnectionTestPeriod -> 0, initialPoolSize -> 3, jdbcUrl -> jdbc:mysql://localhost:3306/education?useSSL=false&serverTimezone=GMT, maxAdministrativeTaskTime -> 0, maxConnectionAge -> 0, maxIdleTime -> 0, maxIdleTimeExcessConnections -> 0, maxPoolSize -> 15, maxStatements -> 0, maxStatementsPerConnection -> 0, minPoolSize -> 3, numHelperThreads -> 3, numThreadsAwaitingCheckoutDefaultUser -> 0, preferredTestQuery -> null, properties -> {user=******, password=******}, propertyCycle -> 0, testConnectionOnCheckin -> false, testConnectionOnCheckout -> false, unreturnedConnectionTimeout -> 0, usesTraditionalReflectiveProxies -> false ]
