10-Nov-2018 16:12:53.021 信息 [main] org.apache.catalina.startup.VersionLoggerListener.log Server version:        Apache Tomcat/9.0.10
10-Nov-2018 16:12:53.024 信息 [main] org.apache.catalina.startup.VersionLoggerListener.log Server built:          Jun 20 2018 17:32:21 UTC
10-Nov-2018 16:12:53.024 信息 [main] org.apache.catalina.startup.VersionLoggerListener.log Server number:         9.0.10.0
10-Nov-2018 16:12:53.024 信息 [main] org.apache.catalina.startup.VersionLoggerListener.log OS Name:               Windows 10
10-Nov-2018 16:12:53.024 信息 [main] org.apache.catalina.startup.VersionLoggerListener.log OS Version:            10.0
10-Nov-2018 16:12:53.024 信息 [main] org.apache.catalina.startup.VersionLoggerListener.log Architecture:          amd64
10-Nov-2018 16:12:53.028 信息 [main] org.apache.catalina.startup.VersionLoggerListener.log Java Home:             D:\Java8\jre
10-Nov-2018 16:12:53.029 信息 [main] org.apache.catalina.startup.VersionLoggerListener.log JVM Version:           1.8.0_144-b01
10-Nov-2018 16:12:53.029 信息 [main] org.apache.catalina.startup.VersionLoggerListener.log JVM Vendor:            Oracle Corporation
10-Nov-2018 16:12:53.029 信息 [main] org.apache.catalina.startup.VersionLoggerListener.log CATALINA_BASE:         D:\一些文件\apache-tomcat-9.0.10
10-Nov-2018 16:12:53.029 信息 [main] org.apache.catalina.startup.VersionLoggerListener.log CATALINA_HOME:         D:\一些文件\apache-tomcat-9.0.10
10-Nov-2018 16:12:53.029 信息 [main] org.apache.catalina.startup.VersionLoggerListener.log Command line argument: -Djava.util.logging.config.file=D:\一些文件\apache-tomcat-9.0.10\conf\logging.properties
10-Nov-2018 16:12:53.029 信息 [main] org.apache.catalina.startup.VersionLoggerListener.log Command line argument: -Djava.util.logging.manager=org.apache.juli.ClassLoaderLogManager
10-Nov-2018 16:12:53.030 信息 [main] org.apache.catalina.startup.VersionLoggerListener.log Command line argument: -Djdk.tls.ephemeralDHKeySize=2048
10-Nov-2018 16:12:53.030 信息 [main] org.apache.catalina.startup.VersionLoggerListener.log Command line argument: -Djava.protocol.handler.pkgs=org.apache.catalina.webresources
10-Nov-2018 16:12:53.030 信息 [main] org.apache.catalina.startup.VersionLoggerListener.log Command line argument: -Dignore.endorsed.dirs=
10-Nov-2018 16:12:53.030 信息 [main] org.apache.catalina.startup.VersionLoggerListener.log Command line argument: -Dcatalina.base=D:\一些文件\apache-tomcat-9.0.10
10-Nov-2018 16:12:53.031 信息 [main] org.apache.catalina.startup.VersionLoggerListener.log Command line argument: -Dcatalina.home=D:\一些文件\apache-tomcat-9.0.10
10-Nov-2018 16:12:53.032 信息 [main] org.apache.catalina.startup.VersionLoggerListener.log Command line argument: -Djava.io.tmpdir=D:\一些文件\apache-tomcat-9.0.10\temp
10-Nov-2018 16:12:53.032 信息 [main] org.apache.catalina.core.AprLifecycleListener.lifecycleEvent Loaded APR based Apache Tomcat Native library [1.2.17] using APR version [1.6.3].
10-Nov-2018 16:12:53.033 信息 [main] org.apache.catalina.core.AprLifecycleListener.lifecycleEvent APR capabilities: IPv6 [true], sendfile [true], accept filters [false], random [true].
10-Nov-2018 16:12:53.037 信息 [main] org.apache.catalina.core.AprLifecycleListener.lifecycleEvent APR/OpenSSL configuration: useAprConnector [false], useOpenSSL [true]
10-Nov-2018 16:12:53.732 信息 [main] org.apache.catalina.core.AprLifecycleListener.initializeSSL OpenSSL successfully initialized [OpenSSL 1.0.2o  27 Mar 2018]
10-Nov-2018 16:12:53.839 信息 [main] org.apache.coyote.AbstractProtocol.init Initializing ProtocolHandler ["http-nio-8080"]
10-Nov-2018 16:12:54.037 信息 [main] org.apache.tomcat.util.net.NioSelectorPool.getSharedSelector Using a shared selector for servlet write/read
10-Nov-2018 16:12:54.047 信息 [main] org.apache.coyote.AbstractProtocol.init Initializing ProtocolHandler ["ajp-nio-8009"]
10-Nov-2018 16:12:54.051 信息 [main] org.apache.tomcat.util.net.NioSelectorPool.getSharedSelector Using a shared selector for servlet write/read
10-Nov-2018 16:12:54.051 信息 [main] org.apache.catalina.startup.Catalina.load Initialization processed in 1391 ms
10-Nov-2018 16:12:54.078 信息 [main] org.apache.catalina.core.StandardService.startInternal Starting service [Catalina]
10-Nov-2018 16:12:54.078 信息 [main] org.apache.catalina.core.StandardEngine.startInternal Starting Servlet Engine: Apache Tomcat/9.0.10
10-Nov-2018 16:12:54.087 信息 [main] org.apache.catalina.startup.HostConfig.deployDirectory Deploying web application directory [D:\一些文件\apache-tomcat-9.0.10\webapps\docs]
10-Nov-2018 16:12:54.319 信息 [main] org.apache.catalina.startup.HostConfig.deployDirectory Deployment of web application directory [D:\一些文件\apache-tomcat-9.0.10\webapps\docs] has finished in [232] ms
10-Nov-2018 16:12:54.320 信息 [main] org.apache.catalina.startup.HostConfig.deployDirectory Deploying web application directory [D:\一些文件\apache-tomcat-9.0.10\webapps\education]
10-Nov-2018 16:12:55.137 信息 [main] org.apache.jasper.servlet.TldScanner.scanJars At least one JAR was scanned for TLDs yet contained no TLDs. Enable debug logging for this logger for a complete list of JARs that were scanned but no TLDs were found in them. Skipping unneeded JARs during scanning can improve startup time and JSP compilation time.
10-Nov-2018 16:12:55.169 信息 [main] org.apache.catalina.startup.HostConfig.deployDirectory Deployment of web application directory [D:\一些文件\apache-tomcat-9.0.10\webapps\education] has finished in [849] ms
10-Nov-2018 16:12:55.170 信息 [main] org.apache.catalina.startup.HostConfig.deployDirectory Deploying web application directory [D:\一些文件\apache-tomcat-9.0.10\webapps\examples]
10-Nov-2018 16:12:55.486 信息 [main] org.apache.catalina.startup.HostConfig.deployDirectory Deployment of web application directory [D:\一些文件\apache-tomcat-9.0.10\webapps\examples] has finished in [316] ms
10-Nov-2018 16:12:55.487 信息 [main] org.apache.catalina.startup.HostConfig.deployDirectory Deploying web application directory [D:\一些文件\apache-tomcat-9.0.10\webapps\host-manager]
10-Nov-2018 16:12:55.528 信息 [main] org.apache.catalina.startup.HostConfig.deployDirectory Deployment of web application directory [D:\一些文件\apache-tomcat-9.0.10\webapps\host-manager] has finished in [42] ms
10-Nov-2018 16:12:55.528 信息 [main] org.apache.catalina.startup.HostConfig.deployDirectory Deploying web application directory [D:\一些文件\apache-tomcat-9.0.10\webapps\manager]
10-Nov-2018 16:12:55.557 信息 [main] org.apache.catalina.startup.HostConfig.deployDirectory Deployment of web application directory [D:\一些文件\apache-tomcat-9.0.10\webapps\manager] has finished in [29] ms
10-Nov-2018 16:12:55.558 信息 [main] org.apache.catalina.startup.HostConfig.deployDirectory Deploying web application directory [D:\一些文件\apache-tomcat-9.0.10\webapps\ROOT]
10-Nov-2018 16:12:55.580 信息 [main] org.apache.catalina.startup.HostConfig.deployDirectory Deployment of web application directory [D:\一些文件\apache-tomcat-9.0.10\webapps\ROOT] has finished in [22] ms
10-Nov-2018 16:12:55.583 信息 [main] org.apache.coyote.AbstractProtocol.start Starting ProtocolHandler ["http-nio-8080"]
10-Nov-2018 16:12:55.593 信息 [main] org.apache.coyote.AbstractProtocol.start Starting ProtocolHandler ["ajp-nio-8009"]
10-Nov-2018 16:12:55.597 信息 [main] org.apache.catalina.startup.Catalina.start Server startup in 1545 ms
10-Nov-2018 16:13:18.815 信息 [http-nio-8080-exec-3] com.mchange.v2.log.MLog.<clinit> MLog clients using java 1.4+ standard logging.
10-Nov-2018 16:13:18.891 信息 [http-nio-8080-exec-3] com.mchange.v2.c3p0.C3P0Registry.banner Initializing c3p0-0.9.1.2 [built 21-May-2007 15:04:56; debug? true; trace: 10]
10-Nov-2018 16:13:19.018 信息 [http-nio-8080-exec-3] com.mchange.v2.c3p0.impl.AbstractPoolBackedDataSource.getPoolManager Initializing c3p0 pool... com.mchange.v2.c3p0.ComboPooledDataSource [ acquireIncrement -> 3, acquireRetryAttempts -> 30, acquireRetryDelay -> 1000, autoCommitOnClose -> false, automaticTestTable -> null, breakAfterAcquireFailure -> false, checkoutTimeout -> 0, connectionCustomizerClassName -> null, connectionTesterClassName -> com.mchange.v2.c3p0.impl.DefaultConnectionTester, dataSourceName -> 1b61bs49y1y3z24v1judwxy|24f2f642, debugUnreturnedConnectionStackTraces -> false, description -> null, driverClass -> com.mysql.cj.jdbc.Driver, factoryClassLocation -> null, forceIgnoreUnresolvedTransactions -> false, identityToken -> 1b61bs49y1y3z24v1judwxy|24f2f642, idleConnectionTestPeriod -> 0, initialPoolSize -> 3, jdbcUrl -> jdbc:mysql://localhost:3306/education?useSSL=false&serverTimezone=GMT, maxAdministrativeTaskTime -> 0, maxConnectionAge -> 0, maxIdleTime -> 0, maxIdleTimeExcessConnections -> 0, maxPoolSize -> 15, maxStatements -> 0, maxStatementsPerConnection -> 0, minPoolSize -> 3, numHelperThreads -> 3, numThreadsAwaitingCheckoutDefaultUser -> 0, preferredTestQuery -> null, properties -> {user=******, password=******}, propertyCycle -> 0, testConnectionOnCheckin -> false, testConnectionOnCheckout -> false, unreturnedConnectionTimeout -> 0, usesTraditionalReflectiveProxies -> false ]
